  EntityGhost.cpp
C:\Users\harry\Downloads\Personal Projects\PacmanRemake\PacmanRemake\PacmanRemake\EntityGhost.cpp(11,44): warning C4244: '=': conversion from 'int' to 'float', possible loss of data
C:\Users\harry\Downloads\Personal Projects\PacmanRemake\PacmanRemake\PacmanRemake\EntityGhost.cpp(12,42): warning C4244: '=': conversion from 'int' to 'float', possible loss of data
C:\Users\harry\Downloads\Personal Projects\PacmanRemake\PacmanRemake\PacmanRemake\EntityGhost.cpp(28,51): warning C4838: conversion from 'float' to 'int' requires a narrowing conversion
C:\Users\harry\Downloads\Personal Projects\PacmanRemake\PacmanRemake\PacmanRemake\EntityGhost.cpp(28,51): warning C4244: 'initializing': conversion from 'float' to 'int', possible loss of data
C:\Users\harry\Downloads\Personal Projects\PacmanRemake\PacmanRemake\PacmanRemake\EntityGhost.cpp(28,71): warning C4838: conversion from 'float' to 'int' requires a narrowing conversion
C:\Users\harry\Downloads\Personal Projects\PacmanRemake\PacmanRemake\PacmanRemake\EntityGhost.cpp(28,71): warning C4244: 'initializing': conversion from 'float' to 'int', possible loss of data
C:\Users\harry\Downloads\Personal Projects\PacmanRemake\PacmanRemake\PacmanRemake\EntityGhost.cpp(28,90): warning C4838: conversion from 'float' to 'int' requires a narrowing conversion
C:\Users\harry\Downloads\Personal Projects\PacmanRemake\PacmanRemake\PacmanRemake\EntityGhost.cpp(28,90): warning C4244: 'initializing': conversion from 'float' to 'int', possible loss of data
C:\Users\harry\Downloads\Personal Projects\PacmanRemake\PacmanRemake\PacmanRemake\EntityGhost.cpp(30,66): warning C4838: conversion from 'float' to 'int' requires a narrowing conversion
C:\Users\harry\Downloads\Personal Projects\PacmanRemake\PacmanRemake\PacmanRemake\EntityGhost.cpp(30,66): warning C4244: 'initializing': conversion from 'float' to 'int', possible loss of data
C:\Users\harry\Downloads\Personal Projects\PacmanRemake\PacmanRemake\PacmanRemake\EntityGhost.cpp(30,85): warning C4838: conversion from 'float' to 'int' requires a narrowing conversion
C:\Users\harry\Downloads\Personal Projects\PacmanRemake\PacmanRemake\PacmanRemake\EntityGhost.cpp(30,85): warning C4244: 'initializing': conversion from 'float' to 'int', possible loss of data
C:\Users\harry\Downloads\Personal Projects\PacmanRemake\PacmanRemake\PacmanRemake\EntityGhost.cpp(51,42): warning C4244: 'argument': conversion from 'int' to 'float', possible loss of data
C:\Users\harry\Downloads\Personal Projects\PacmanRemake\PacmanRemake\PacmanRemake\EntityGhost.cpp(51,24): warning C4244: 'argument': conversion from 'int' to 'float', possible loss of data
  EntityPellet.cpp
  Level1.cpp
C:\Users\harry\Downloads\Personal Projects\PacmanRemake\PacmanRemake\PacmanRemake\Level1.cpp(58,48): warning C4244: 'argument': conversion from 'int' to 'float', possible loss of data
C:\Users\harry\Downloads\Personal Projects\PacmanRemake\PacmanRemake\PacmanRemake\Level1.cpp(58,30): warning C4244: 'argument': conversion from 'int' to 'float', possible loss of data
C:\Users\harry\Downloads\Personal Projects\PacmanRemake\PacmanRemake\PacmanRemake\Level1.cpp(87,20): warning C4018: '<': signed/unsigned mismatch
C:\Users\harry\Downloads\Personal Projects\PacmanRemake\PacmanRemake\PacmanRemake\Level1.cpp(92,20): warning C4018: '<': signed/unsigned mismatch
  Level2.cpp
  MainMenu.cpp
  ScreenManager.cpp
  Source.cpp
  Generating Code...
C:\Users\harry\Downloads\Personal Projects\PacmanRemake\PacmanRemake\PacmanRemake\Source.cpp(81): warning C4715: 'InitSDL': not all control paths return a value
  PacmanRemake.vcxproj -> C:\Users\harry\Downloads\Personal Projects\PacmanRemake\PacmanRemake\Debug\PacmanRemake.exe
