  EntityPellet.cpp
C:\Users\harry\Downloads\Personal Projects\PacmanRemake\PacmanRemake\PacmanRemake\Entity.h(2,10): fatal  error C1083: Cannot open include file: 'SDL.h': No such file or directory
  EntityGhost.cpp
C:\Users\harry\Downloads\Personal Projects\PacmanRemake\PacmanRemake\PacmanRemake\Entity.h(2,10): fatal  error C1083: Cannot open include file: 'SDL.h': No such file or directory
  Entity.cpp
C:\Users\harry\Downloads\Personal Projects\PacmanRemake\PacmanRemake\PacmanRemake\Entity.h(2,10): fatal  error C1083: Cannot open include file: 'SDL.h': No such file or directory
  Collisions.cpp
C:\Users\harry\Downloads\Personal Projects\PacmanRemake\PacmanRemake\PacmanRemake\Entity.h(2,10): fatal  error C1083: Cannot open include file: 'SDL.h': No such file or directory
  GameScreen.cpp
C:\Users\harry\Downloads\Personal Projects\PacmanRemake\PacmanRemake\PacmanRemake\GameScreen.h(2,10): fatal  error C1083: Cannot open include file: 'SDL.h': No such file or directory
  Level1.cpp
C:\Users\harry\Downloads\Personal Projects\PacmanRemake\PacmanRemake\PacmanRemake\GameScreen.h(2,10): fatal  error C1083: Cannot open include file: 'SDL.h': No such file or directory
  Level2.cpp
C:\Users\harry\Downloads\Personal Projects\PacmanRemake\PacmanRemake\PacmanRemake\GameScreen.h(2,10): fatal  error C1083: Cannot open include file: 'SDL.h': No such file or directory
  LevelMap.cpp
  MainMenu.cpp
C:\Users\harry\Downloads\Personal Projects\PacmanRemake\PacmanRemake\PacmanRemake\GameScreen.h(2,10): fatal  error C1083: Cannot open include file: 'SDL.h': No such file or directory
  ScreenManager.cpp
C:\Users\harry\Downloads\Personal Projects\PacmanRemake\PacmanRemake\PacmanRemake\ScreenManager.h(2,10): fatal  error C1083: Cannot open include file: 'SDL.h': No such file or directory
  SoundEffect.cpp
C:\Users\harry\Downloads\Personal Projects\PacmanRemake\PacmanRemake\PacmanRemake\SoundEffect.h(2,10): fatal  error C1083: Cannot open include file: 'SDL.h': No such file or directory
  Source.cpp
C:\Users\harry\Downloads\Personal Projects\PacmanRemake\PacmanRemake\PacmanRemake\Source.cpp(2,10): fatal  error C1083: Cannot open include file: 'SDL.h': No such file or directory
  TextLoad.cpp
C:\Users\harry\Downloads\Personal Projects\PacmanRemake\PacmanRemake\PacmanRemake\TextLoad.h(2,10): fatal  error C1083: Cannot open include file: 'SDL.h': No such file or directory
  Texture.cpp
C:\Users\harry\Downloads\Personal Projects\PacmanRemake\PacmanRemake\PacmanRemake\Texture.h(2,10): fatal  error C1083: Cannot open include file: 'SDL.h': No such file or directory
